# JRE version: OpenJDK Runtime Environment (14.0.2+12) (build 14.0.2+12-46)
# Java VM: OpenJDK 64-Bit Server VM (14.0.2+12-46, mixed mode, tiered, compressed oops, g1 gc, windows-amd64)
Heap:
 garbage-first heap   total 30720K, used 20893K [0x0000000080000000, 0x0000000100000000)
  region size 1024K, 18 young (18432K), 4 survivors (4096K)
 Metaspace       used 24120K, capacity 24662K, committed 24752K, reserved 1071104K
  class space    used 2578K, capacity 2788K, committed 2816K, reserved 1048576K
GC Heap History (8 events):
Event: 1.091 GC heap before
{Heap before GC invocations=0 (full 0):
 garbage-first heap   total 131072K, used 6144K [0x0000000080000000, 0x0000000100000000)
  region size 1024K, 6 young (6144K), 0 survivors (0K)
 Metaspace       used 7636K, capacity 7728K, committed 7936K, reserved 1056768K
  class space    used 670K, capacity 701K, committed 768K, reserved 1048576K
}
Event: 1.100 GC heap after
{Heap after GC invocations=1 (full 0):
 garbage-first heap   total 131072K, used 4157K [0x0000000080000000, 0x0000000100000000)
  region size 1024K, 1 young (1024K), 1 survivors (1024K)
 Metaspace       used 7636K, capacity 7728K, committed 7936K, reserved 1056768K
  class space    used 670K, capacity 701K, committed 768K, reserved 1048576K
}
Event: 2.133 GC heap before
{Heap before GC invocations=1 (full 0):
 garbage-first heap   total 131072K, used 8253K [0x0000000080000000, 0x0000000100000000)
  region size 1024K, 6 young (6144K), 1 survivors (1024K)
 Metaspace       used 12059K, capacity 12195K, committed 12288K, reserved 1060864K
  class space    used 1141K, capacity 1191K, committed 1280K, reserved 1048576K
}
Event: 2.144 GC heap after
{Heap after GC invocations=2 (full 0):
 garbage-first heap   total 131072K, used 4886K [0x0000000080000000, 0x0000000100000000)
  region size 1024K, 1 young (1024K), 1 survivors (1024K)
 Metaspace       used 12059K, capacity 12195K, committed 12288K, reserved 1060864K
  class space    used 1141K, capacity 1191K, committed 1280K, reserved 1048576K
}
Event: 2.513 GC heap before
{Heap before GC invocations=2 (full 0):
 garbage-first heap   total 131072K, used 13078K [0x0000000080000000, 0x0000000100000000)
  region size 1024K, 9 young (9216K), 1 survivors (1024K)
 Metaspace       used 14914K, capacity 15236K, committed 15488K, reserved 1062912K
  class space    used 1503K, capacity 1606K, committed 1664K, reserved 1048576K
}
Event: 2.516 GC heap after
{Heap after GC invocations=3 (full 0):
 garbage-first heap   total 131072K, used 5286K [0x0000000080000000, 0x0000000100000000)
  region size 1024K, 2 young (2048K), 2 survivors (2048K)
 Metaspace       used 14914K, capacity 15236K, committed 15488K, reserved 1062912K
  class space    used 1503K, capacity 1606K, committed 1664K, reserved 1048576K
}
Event: 3.647 GC heap before
{Heap before GC invocations=3 (full 0):
 garbage-first heap   total 131072K, used 24742K [0x0000000080000000, 0x0000000100000000)
  region size 1024K, 22 young (22528K), 2 survivors (2048K)
 Metaspace       used 20767K, capacity 21218K, committed 21296K, reserved 1069056K
  class space    used 2206K, capacity 2367K, committed 2432K, reserved 1048576K
}
Event: 3.656 GC heap after
{Heap after GC invocations=4 (full 0):
 garbage-first heap   total 131072K, used 7581K [0x0000000080000000, 0x0000000100000000)
  region size 1024K, 4 young (4096K), 4 survivors (4096K)
 Metaspace       used 20767K, capacity 21218K, committed 21296K, reserved 1069056K
  class space    used 2206K, capacity 2367K, committed 2432K, reserved 1048576K
}

