<?xml version="1.0" encoding="UTF-8"?>
<!-- Generated by org.testng.reporters.JUnitXMLReporter -->
<testsuite ignored="3" hostname="CLP-QA-UK" failures="0" tests="1" name="Default test" time="57.386" errors="0" timestamp="2021-05-17T16:24:59 EDT">
  <testcase classname="FrontDesk.Apptadmintest" name="Apptadmin_cancelappointment" time="31.778"/>
  <testcase classname="FrontDesk.Apptadmintest" name="Apptadmin_CancelRecurringappointment" time="0.0">
    <ignored/>
  </testcase> <!-- Apptadmin_CancelRecurringappointment -->
  <testcase classname="FrontDesk.Apptadmintest" name="Apptadmin_makeappointment" time="0.0">
    <ignored/>
  </testcase> <!-- Apptadmin_makeappointment -->
  <testcase classname="FrontDesk.Apptadmintest" name="Apptadmin_Recurringappointment" time="0.0">
    <ignored/>
  </testcase> <!-- Apptadmin_Recurringappointment -->
</testsuite> <!-- Default test -->
