<?xml version="1.0" encoding="UTF-8"?>
<!-- Generated by org.testng.reporters.JUnitXMLReporter -->
<testsuite ignored="0" hostname="CLP-QA-UK" failures="0" tests="3" name="Member management" time="74.958" errors="0" timestamp="2021-04-16T08:29:52 EDT">
  <testcase classname="FrontDesk.Membermanager" name="memebermanager_takepayment" time="23.32"/>
  <testcase classname="FrontDesk.Membermanager" name="memebermanager_takepayment_Cardonfile" time="21.082"/>
  <testcase classname="FrontDesk.Membermanager" name="changerequest" time="19.289"/>
</testsuite> <!-- Member management -->
