<?xml version="1.0" encoding="UTF-8"?>
<!-- Generated by org.testng.reporters.JUnitXMLReporter -->
<testsuite ignored="2" hostname="CLP-QA-UK" failures="0" tests="1" name="Point of Sale" time="36.663" errors="0" timestamp="2021-03-14T16:32:51 EDT">
  <testcase classname="FrontDesk.POS_Test" name="POSTest_Paymentwith_coupon" time="25.428"/>
  <testcase classname="FrontDesk.POS_Test" name="POSTest_paymentwith_Creditcard" time="0.0">
    <ignored/>
  </testcase> <!-- POSTest_paymentwith_Creditcard -->
  <testcase classname="FrontDesk.POS_Test" name="POSTest_Paymentwith_cash" time="0.0">
    <ignored/>
  </testcase> <!-- POSTest_Paymentwith_cash -->
</testsuite> <!-- Point of Sale -->
