<?xml version="1.0" encoding="UTF-8"?>
<!-- Generated by org.testng.reporters.JUnitXMLReporter -->
<testsuite ignored="3" hostname="REM-TNUZUM" failures="0" tests="1" name="Test" time="5.772" errors="0" timestamp="2020-09-13T20:06:25 EDT">
  <testcase classname="FrontDesk.LoginPageTest" name="pageTitle" time="0.012"/>
  <testcase classname="FrontDesk.LoginPageTest" name="wrongCredentials" time="0.0">
    <ignored/>
  </testcase> <!-- wrongCredentials -->
  <testcase classname="FrontDesk.LoginPageTest" name="credentialsRequired" time="0.0">
    <ignored/>
  </testcase> <!-- credentialsRequired -->
  <testcase classname="FrontDesk.LoginPageTest" name="pageVerifications" time="0.0">
    <ignored/>
  </testcase> <!-- pageVerifications -->
</testsuite> <!-- Test -->
