<?xml version="1.0" encoding="UTF-8"?>
<testng-results ignored="3" total="4" passed="1" failed="0" skipped="0">
  <reporter-output>
  </reporter-output>
  <suite started-at="2020-09-13T20:06:19 EDT" name="Suite" finished-at="2020-09-13T20:06:25 EDT" duration-ms="5772">
    <groups>
    </groups>
    <test started-at="2020-09-13T20:06:19 EDT" name="Test" finished-at="2020-09-13T20:06:25 EDT" duration-ms="5772">
      <class name="FrontDesk.LoginPageTest">
        <test-method is-config="true" signature="initialize()[pri:0, instance:FrontDesk.LoginPageTest@68267da0]" started-at="2020-09-13T20:06:19 EDT" name="initialize" finished-at="2020-09-13T20:06:25 EDT" duration-ms="5680" status="PASS">
          <reporter-output>
          </reporter-output>
        </test-method> <!-- initialize -->
        <test-method signature="pageTitle()[pri:1, instance:FrontDesk.LoginPageTest@68267da0]" started-at="2020-09-13T20:06:25 EDT" name="pageTitle" description="Page Title" finished-at="2020-09-13T20:06:25 EDT" duration-ms="12" status="PASS">
          <reporter-output>
          </reporter-output>
        </test-method> <!-- pageTitle -->
        <test-method is-config="true" signature="teardown()[pri:0, instance:FrontDesk.LoginPageTest@68267da0]" started-at="2020-09-13T20:06:25 EDT" name="teardown" finished-at="2020-09-13T20:06:25 EDT" duration-ms="46" status="PASS">
          <reporter-output>
          </reporter-output>
        </test-method> <!-- teardown -->
      </class> <!-- FrontDesk.LoginPageTest -->
    </test> <!-- Test -->
  </suite> <!-- Suite -->
</testng-results>
